<?xml version="1.0" encoding="UTF-8"?>
<!-- Generated by org.testng.reporters.JUnitXMLReporter -->
<testsuite ignored="0" hostname="SAURABH" failures="0" tests="1" name="Default test" time="0.138" errors="0" timestamp="2023-03-20T10:48:12 IST">
  <testcase classname="Testpack.TestNG1" name="@BeforeTest launchBrowser" time="-1.679289492323E9">
    <failure type="org.testng.TestNGException" message="
Parameter &amp;apos;browser&amp;apos; is required by BeforeTest on method launchBrowser but has not been marked @Optional or defined
in C:\Users\Saurabh Zend\AppData\Local\Temp\testng-eclipse--558237076\testng-customsuite.xml">
      <![CDATA[org.testng.TestNGException: 
Parameter 'browser' is required by BeforeTest on method launchBrowser but has not been marked @Optional or defined
in C:\Users\Saurabh Zend\AppData\Local\Temp\testng-eclipse--558237076\testng-customsuite.xml
at org.testng.internal.Parameters.createParams(Parameters.java:270)
at org.testng.internal.Parameters.createParametersForMethod(Parameters.java:358)
at org.testng.internal.Parameters.createParameters(Parameters.java:700)
at org.testng.internal.Parameters.createConfigurationParameters(Parameters.java:168)
at org.testng.internal.ConfigInvoker.invokeConfigurations(ConfigInvoker.java:302)
at org.testng.TestRunner.invokeTestConfigurations(TestRunner.java:637)
at org.testng.TestRunner.beforeRun(TestRunner.java:627)
at org.testng.TestRunner.run(TestRunner.java:589)
at org.testng.SuiteRunner.runTest(SuiteRunner.java:377)
at org.testng.SuiteRunner.runSequentially(SuiteRunner.java:371)
at org.testng.SuiteRunner.privateRun(SuiteRunner.java:332)
at org.testng.SuiteRunner.run(SuiteRunner.java:276)
at org.testng.SuiteRunnerWorker.runSuite(SuiteRunnerWorker.java:53)
at org.testng.SuiteRunnerWorker.run(SuiteRunnerWorker.java:96)
at org.testng.TestNG.runSuitesSequentially(TestNG.java:1212)
at org.testng.TestNG.runSuitesLocally(TestNG.java:1134)
at org.testng.TestNG.runSuites(TestNG.java:1063)
at org.testng.TestNG.run(TestNG.java:1031)
at org.testng.remote.AbstractRemoteTestNG.run(AbstractRemoteTestNG.java:115)
at org.testng.remote.RemoteTestNG.initAndRun(RemoteTestNG.java:251)
at org.testng.remote.RemoteTestNG.main(RemoteTestNG.java:77)
]]>
    </failure>
  </testcase> <!-- @BeforeTest launchBrowser -->
  <testcase classname="Testpack.TestNG1" name="@BeforeClass createpomobjects" time="-1.679289492386E9">
    <skipped/>
  </testcase> <!-- @BeforeClass createpomobjects -->
  <testcase classname="Testpack.TestNG1" name="@BeforeMethod launchurl" time="-1.679289492421E9">
    <skipped/>
  </testcase> <!-- @BeforeMethod launchurl -->
  <testcase classname="Testpack.TestNG1" name="@AfterMethod logoutFromApplication" time="-1.679289492434E9">
    <skipped/>
  </testcase> <!-- @AfterMethod logoutFromApplication -->
  <testcase classname="Testpack.TestNG1" name="@AfterClass cleanpomobjects" time="-1.679289492441E9">
    <skipped/>
  </testcase> <!-- @AfterClass cleanpomobjects -->
  <testcase classname="Testpack.TestNG1" name="@AfterTest closedBrowser" time="-1.679289492448E9">
    <skipped/>
  </testcase> <!-- @AfterTest closedBrowser -->
  <testcase classname="Testpack.TestNG1" name="verifyviewmore" time="0.0">
    <skipped/>
  </testcase> <!-- verifyviewmore -->
</testsuite> <!-- Default test -->
