<?xml version="1.0" encoding="UTF-8"?>
<testng-results ignored="0" total="1" passed="0" failed="0" skipped="1">
  <reporter-output>
  </reporter-output>
  <suite started-at="2023-03-20T10:48:12 IST" name="Default suite" finished-at="2023-03-20T10:48:12 IST" duration-ms="138">
    <groups>
    </groups>
    <test started-at="2023-03-20T10:48:12 IST" name="Default test" finished-at="2023-03-20T10:48:12 IST" duration-ms="138">
      <class name="Testpack.TestNG1">
        <test-method is-config="true" signature="launchBrowser(java.lang.String)[pri:0, instance:Testpack.TestNG1@59309333]" started-at="2023-03-20T10:48:12 IST" name="launchBrowser" finished-at="1970-01-01T05:30:00 IST" duration-ms="-1679289492323" status="FAIL">
          <exception class="org.testng.TestNGException">
            <message>
              <![CDATA[
Parameter 'browser' is required by BeforeTest on method launchBrowser but has not been marked @Optional or defined
in C:\Users\Saurabh Zend\AppData\Local\Temp\testng-eclipse--558237076\testng-customsuite.xml]]>
            </message>
            <full-stacktrace>
              <![CDATA[org.testng.TestNGException: 
Parameter 'browser' is required by BeforeTest on method launchBrowser but has not been marked @Optional or defined
in C:\Users\Saurabh Zend\AppData\Local\Temp\testng-eclipse--558237076\testng-customsuite.xml
at org.testng.internal.Parameters.createParams(Parameters.java:270)
at org.testng.internal.Parameters.createParametersForMethod(Parameters.java:358)
at org.testng.internal.Parameters.createParameters(Parameters.java:700)
at org.testng.internal.Parameters.createConfigurationParameters(Parameters.java:168)
at org.testng.internal.ConfigInvoker.invokeConfigurations(ConfigInvoker.java:302)
at org.testng.TestRunner.invokeTestConfigurations(TestRunner.java:637)
at org.testng.TestRunner.beforeRun(TestRunner.java:627)
at org.testng.TestRunner.run(TestRunner.java:589)
at org.testng.SuiteRunner.runTest(SuiteRunner.java:377)
at org.testng.SuiteRunner.runSequentially(SuiteRunner.java:371)
at org.testng.SuiteRunner.privateRun(SuiteRunner.java:332)
at org.testng.SuiteRunner.run(SuiteRunner.java:276)
at org.testng.SuiteRunnerWorker.runSuite(SuiteRunnerWorker.java:53)
at org.testng.SuiteRunnerWorker.run(SuiteRunnerWorker.java:96)
at org.testng.TestNG.runSuitesSequentially(TestNG.java:1212)
at org.testng.TestNG.runSuitesLocally(TestNG.java:1134)
at org.testng.TestNG.runSuites(TestNG.java:1063)
at org.testng.TestNG.run(TestNG.java:1031)
at org.testng.remote.AbstractRemoteTestNG.run(AbstractRemoteTestNG.java:115)
at org.testng.remote.RemoteTestNG.initAndRun(RemoteTestNG.java:251)
at org.testng.remote.RemoteTestNG.main(RemoteTestNG.java:77)
]]>
            </full-stacktrace>
          </exception> <!-- org.testng.TestNGException -->
          <reporter-output>
          </reporter-output>
        </test-method> <!-- launchBrowser -->
        <test-method is-config="true" signature="createpomobjects()[pri:0, instance:Testpack.TestNG1@59309333]" started-at="2023-03-20T10:48:12 IST" name="createpomobjects" finished-at="1970-01-01T05:30:00 IST" duration-ms="-1679289492386" status="SKIP">
          <reporter-output>
          </reporter-output>
        </test-method> <!-- createpomobjects -->
        <test-method is-config="true" signature="launchurl()[pri:0, instance:Testpack.TestNG1@59309333]" started-at="2023-03-20T10:48:12 IST" name="launchurl" finished-at="1970-01-01T05:30:00 IST" duration-ms="-1679289492421" status="SKIP">
          <reporter-output>
          </reporter-output>
        </test-method> <!-- launchurl -->
        <test-method signature="verifyviewmore()[pri:0, instance:Testpack.TestNG1@59309333]" started-at="2023-03-20T10:48:12 IST" name="verifyviewmore" finished-at="2023-03-20T10:48:12 IST" duration-ms="0" status="SKIP">
          <exception class="org.testng.TestNGException">
            <message>
              <![CDATA[
Parameter 'browser' is required by BeforeTest on method launchBrowser but has not been marked @Optional or defined
in C:\Users\Saurabh Zend\AppData\Local\Temp\testng-eclipse--558237076\testng-customsuite.xml]]>
            </message>
            <full-stacktrace>
              <![CDATA[org.testng.TestNGException: 
Parameter 'browser' is required by BeforeTest on method launchBrowser but has not been marked @Optional or defined
in C:\Users\Saurabh Zend\AppData\Local\Temp\testng-eclipse--558237076\testng-customsuite.xml
at org.testng.internal.Parameters.createParams(Parameters.java:270)
at org.testng.internal.Parameters.createParametersForMethod(Parameters.java:358)
at org.testng.internal.Parameters.createParameters(Parameters.java:700)
at org.testng.internal.Parameters.createConfigurationParameters(Parameters.java:168)
at org.testng.internal.ConfigInvoker.invokeConfigurations(ConfigInvoker.java:302)
at org.testng.TestRunner.invokeTestConfigurations(TestRunner.java:637)
at org.testng.TestRunner.beforeRun(TestRunner.java:627)
at org.testng.TestRunner.run(TestRunner.java:589)
at org.testng.SuiteRunner.runTest(SuiteRunner.java:377)
at org.testng.SuiteRunner.runSequentially(SuiteRunner.java:371)
at org.testng.SuiteRunner.privateRun(SuiteRunner.java:332)
at org.testng.SuiteRunner.run(SuiteRunner.java:276)
at org.testng.SuiteRunnerWorker.runSuite(SuiteRunnerWorker.java:53)
at org.testng.SuiteRunnerWorker.run(SuiteRunnerWorker.java:96)
at org.testng.TestNG.runSuitesSequentially(TestNG.java:1212)
at org.testng.TestNG.runSuitesLocally(TestNG.java:1134)
at org.testng.TestNG.runSuites(TestNG.java:1063)
at org.testng.TestNG.run(TestNG.java:1031)
at org.testng.remote.AbstractRemoteTestNG.run(AbstractRemoteTestNG.java:115)
at org.testng.remote.RemoteTestNG.initAndRun(RemoteTestNG.java:251)
at org.testng.remote.RemoteTestNG.main(RemoteTestNG.java:77)
]]>
            </full-stacktrace>
          </exception> <!-- org.testng.TestNGException -->
          <reporter-output>
          </reporter-output>
        </test-method> <!-- verifyviewmore -->
        <test-method is-config="true" signature="logoutFromApplication()[pri:0, instance:Testpack.TestNG1@59309333]" started-at="2023-03-20T10:48:12 IST" name="logoutFromApplication" finished-at="1970-01-01T05:30:00 IST" duration-ms="-1679289492434" status="SKIP">
          <reporter-output>
          </reporter-output>
        </test-method> <!-- logoutFromApplication -->
        <test-method is-config="true" signature="cleanpomobjects()[pri:0, instance:Testpack.TestNG1@59309333]" started-at="2023-03-20T10:48:12 IST" name="cleanpomobjects" finished-at="1970-01-01T05:30:00 IST" duration-ms="-1679289492441" status="SKIP">
          <reporter-output>
          </reporter-output>
        </test-method> <!-- cleanpomobjects -->
        <test-method is-config="true" signature="closedBrowser()[pri:0, instance:Testpack.TestNG1@59309333]" started-at="2023-03-20T10:48:12 IST" name="closedBrowser" finished-at="1970-01-01T05:30:00 IST" duration-ms="-1679289492448" status="SKIP">
          <reporter-output>
          </reporter-output>
        </test-method> <!-- closedBrowser -->
      </class> <!-- Testpack.TestNG1 -->
    </test> <!-- Default test -->
  </suite> <!-- Default suite -->
</testng-results>
